<?xml version="1.0" encoding="utf-8"?><testsuites name="pytest tests"><testsuite name="pytest" errors="0" failures="0" skipped="0" tests="17" time="1.893" timestamp="2026-03-18T04:20:19.374304+00:00" hostname="agent-env-6592602e-0b4e-4c50-88b4-6ab626d48e85"><testcase classname="backend.tests.test_cart_checkout_user.TestHealthAndSetup" name="test_health_check" time="0.008" /><testcase classname="backend.tests.test_cart_checkout_user.TestCartAPI" name="test_add_product_to_cart" time="0.025" /><testcase classname="backend.tests.test_cart_checkout_user.TestCartAPI" name="test_add_accommodation_to_cart" time="0.007" /><testcase classname="backend.tests.test_cart_checkout_user.TestCartAPI" name="test_add_activity_to_cart" time="0.006" /><testcase classname="backend.tests.test_cart_checkout_user.TestCartAPI" name="test_get_cart_items" time="0.003" /><testcase classname="backend.tests.test_cart_checkout_user.TestCartAPI" name="test_update_cart_quantity" time="0.010" /><testcase classname="backend.tests.test_cart_checkout_user.TestCartAPI" name="test_remove_cart_item" time="0.014" /><testcase classname="backend.tests.test_cart_checkout_user.TestCheckoutAPI" name="test_guest_checkout_with_account_creation" time="0.265" /><testcase classname="backend.tests.test_cart_checkout_user.TestCheckoutAPI" name="test_checkout_creates_booking_record" time="0.486" /><testcase classname="backend.tests.test_cart_checkout_user.TestUserAPI" name="test_user_registration" time="0.232" /><testcase classname="backend.tests.test_cart_checkout_user.TestUserAPI" name="test_user_login" time="0.231" /><testcase classname="backend.tests.test_cart_checkout_user.TestUserAPI" name="test_user_login_invalid_credentials" time="0.235" /><testcase classname="backend.tests.test_cart_checkout_user.TestUserAPI" name="test_get_user_profile" time="0.005" /><testcase classname="backend.tests.test_cart_checkout_user.TestUserAPI" name="test_get_user_bookings" time="0.003" /><testcase classname="backend.tests.test_cart_checkout_user.TestUserAPI" name="test_user_profile_requires_auth" time="0.001" /><testcase classname="backend.tests.test_cart_checkout_user.TestExistingUserLogin" name="test_login_existing_user" time="0.236" /><testcase classname="backend.tests.test_cart_checkout_user.TestCleanup" name="test_clear_test_cart" time="0.005" /></testsuite></testsuites>