<?xml version="1.0" encoding="utf-8"?><testsuites name="pytest tests"><testsuite name="pytest" errors="0" failures="0" skipped="0" tests="12" time="0.282" timestamp="2026-03-18T03:44:59.847816+00:00" hostname="agent-env-6592602e-0b4e-4c50-88b4-6ab626d48e85"><testcase classname="backend.tests.test_availability_api.TestHealthEndpoint" name="test_health_check" time="0.009" /><testcase classname="backend.tests.test_availability_api.TestAvailabilityAPI" name="test_availability_valid_request" time="0.031" /><testcase classname="backend.tests.test_availability_api.TestAvailabilityAPI" name="test_availability_location_structure" time="0.013" /><testcase classname="backend.tests.test_availability_api.TestAvailabilityAPI" name="test_availability_with_high_guests" time="0.013" /><testcase classname="backend.tests.test_availability_api.TestAvailabilityAPI" name="test_availability_invalid_date_format" time="0.002" /><testcase classname="backend.tests.test_availability_api.TestAvailabilityAPI" name="test_availability_checkout_before_checkin" time="0.002" /><testcase classname="backend.tests.test_availability_api.TestAvailabilityAPI" name="test_availability_safari_only" time="0.013" /><testcase classname="backend.tests.test_availability_api.TestAvailabilityAPI" name="test_availability_all_regions" time="0.013" /><testcase classname="backend.tests.test_availability_api.TestRoomTypesAPI" name="test_get_room_types" time="0.004" /><testcase classname="backend.tests.test_availability_api.TestActivityTypesAPI" name="test_get_activity_types" time="0.004" /><testcase classname="backend.tests.test_availability_api.TestSafariRoutesAPI" name="test_get_safari_routes" time="0.005" /><testcase classname="backend.tests.test_availability_api.TestBookingsAPI" name="test_get_bookings" time="0.005" /></testsuite></testsuites>